npm error code ERESOLVE
npm error ERESOLVE could not resolve
npm error
npm error While resolving: use-dark-mode@2.3.1
npm error Found: react@19.0.0
npm error node_modules/react
npm error   peer react@">=18" from @bigmi/react@0.1.1
npm error   node_modules/@bigmi/react
npm error     peer @bigmi/react@">=0.1.0" from @lifi/wallet-management@3.7.1
npm error     node_modules/@lifi/wallet-management
npm error       @lifi/wallet-management@"^3.7.1" from @lifi/widget@3.18.1
npm error       node_modules/@lifi/widget
npm error         @lifi/widget@"^3.18.1" from the root project
npm error     peer @bigmi/react@">=0.1.0" from @lifi/widget@3.18.1
npm error     node_modules/@lifi/widget
npm error       @lifi/widget@"^3.18.1" from the root project
npm error     1 more (the root project)
npm error   peer react@">=16.8.0" from @dnd-kit/accessibility@3.1.1
npm error   node_modules/@dnd-kit/accessibility
npm error     @dnd-kit/accessibility@"^3.1.1" from @dnd-kit/core@6.3.1
npm error     node_modules/@dnd-kit/core
npm error       peer @dnd-kit/core@"^6.3.0" from @dnd-kit/modifiers@9.0.0
npm error       node_modules/@dnd-kit/modifiers
npm error         @dnd-kit/modifiers@"^9.0.0" from the root project
npm error       5 more (@dnd-kit/sortable, sanity, @dnd-kit/modifiers, ...)
npm error   135 more (@dnd-kit/core, @dnd-kit/modifiers, @dnd-kit/sortable, ...)
npm error
npm error Could not resolve dependency:
npm error peer react@"^16.8.0" from use-dark-mode@2.3.1
npm error node_modules/use-dark-mode
npm error   use-dark-mode@"^2.3.1" from the root project
npm error
npm error Conflicting peer dependency: react@16.14.0
npm error node_modules/react
npm error   peer react@"^16.8.0" from use-dark-mode@2.3.1
npm error   node_modules/use-dark-mode
npm error     use-dark-mode@"^2.3.1" from the root project
npm error
npm error Fix the upstream dependency conflict, or retry
npm error this command with --force or --legacy-peer-deps
npm error to accept an incorrect (and potentially broken) dependency resolution.
npm error
npm error
npm error For a full report see:
npm error C:\Users\mbula\AppData\Local\npm-cache\_logs\2025-04-15T15_49_28_457Z-eresolve-report.txt
npm error A complete log of this run can be found in: C:\Users\mbula\AppData\Local\npm-cache\_logs\2025-04-15T15_49_28_457Z-debug-0.log
